<?xml version="1.0" encoding="UTF-8"?>
<!-- Generated by org.testng.reporters.JUnitReportReporter -->
<testsuite hostname="LAPTOP-ODHCJP7U" failures="0" tests="1" name="test.NewTest" time="8.320" errors="0" timestamp="2021-02-16T14:06:59 EST" skipped="0">
  <testcase classname="test.NewTest" name="f" time="8.320"/>
  <system-out/>
</testsuite> <!-- test.NewTest -->
