<?xml version="1.0" encoding="UTF-8"?>
<!-- Generated by org.testng.reporters.JUnitReportReporter -->
<testsuite hostname="LAPTOP-ODHCJP7U" failures="0" tests="4" name="testcases.Test1" time="0.021" errors="0" timestamp="2021-04-12T20:16:08 EDT" skipped="2">
  <testcase classname="testcases.Test1" name="homePageHeader" time="0.016"/>
  <system-out/>
  <testcase classname="testcases.Test1" name="homePageHeader" time="0.005"/>
  <system-out/>
  <testcase classname="testcases.Test1" name="smokeTest">
    <skipped/>
  </testcase> <!-- smokeTest -->
  <system-out/>
  <testcase classname="testcases.Test1" name="smokeTest">
    <skipped/>
  </testcase> <!-- smokeTest -->
  <system-out/>
</testsuite> <!-- testcases.Test1 -->
